<?xml version="1.0" encoding="UTF-8"?>
<!-- Generated by org.testng.reporters.JUnitReportReporter -->
<testsuite hostname="DESKTOP-GJ6D9AP" failures="0" tests="1" name="testcases.AdminTestCases" time="32.421" errors="0" timestamp="2023-03-04T15:33:24 IST" skipped="0">
  <testcase classname="testcases.AdminTestCases" name="admincase" time="32.421"/>
  <system-out/>
</testsuite> <!-- testcases.AdminTestCases -->
