<?xml version="1.0" encoding="UTF-8"?>
<!-- Generated by org.testng.reporters.JUnitReportReporter -->
<testsuite hostname="DESKTOP-GJ6D9AP" failures="0" tests="1" name="testcases.ExampleOrangeHRM" time="10.954" errors="0" timestamp="2023-03-04T15:27:55 IST" skipped="0">
  <testcase classname="testcases.ExampleOrangeHRM" name="orangehrmlogin" time="10.954"/>
  <system-out/>
</testsuite> <!-- testcases.ExampleOrangeHRM -->
