<?xml version="1.0" encoding="UTF-8"?>
<!-- Generated by org.testng.reporters.JUnitReportReporter -->
<testsuite hostname="DESKTOP-GJ6D9AP" failures="0" tests="1" name="pom.ExampleOrangeHRM" time="11.337" errors="0" timestamp="2023-03-04T12:27:42 IST" skipped="0">
  <testcase classname="pom.ExampleOrangeHRM" name="orangehrmlogin" time="11.337"/>
  <system-out/>
</testsuite> <!-- pom.ExampleOrangeHRM -->
